              /home/wago/wago/ptxproj/selected_toolchain/arm-linux-gnueabihf-gdb --interpreter mi --args "/tmp/VisualGDB/c/Users/JC/Documents/GitHub/wago-kbus-daemon/Debug/kbus-daemon"
[       0 ms] =thread-group-added,id="i1"
[       0 ms] ~"GNU gdb (GDB) 8.3.0.20190709-git\n"
[       0 ms] ~"Copyright (C) 2019 Free Software Foundation, Inc.\n"
[       0 ms] -gdb-version
[       0 ms] ~"License GPLv3+: GNU GPL version 3 or later <http://gnu.org/licenses/gpl.html>\nThis is free software: you are free to change and redistribute it.\nThere is NO WARRANTY, to the extent permitted by law."
[       0 ms] ~"\nType \"show copying\" and \"show warranty\" for details.\n"
[       0 ms] ~"This GDB was configured as \"--host=x86_64-unknown-linux-gnu --target=arm-linux-gnueabihf\".\n"
[       0 ms] ~"Type \"show configuration\" for configuration details.\n"
[       0 ms] ~"For bug reporting instructions, please see:\n"
[       0 ms] ~"<https://bugs.linaro.org/>.\n"
[       0 ms] ~"Find the GDB manual and other documentation resources online at:\n    <http://www.gnu.org/software/gdb/documentation/>."
[       0 ms] ~"\n\n"
[       0 ms] ~"For help, type \"help\".\n"
[       0 ms] ~"Type \"apropos word\" to search for commands related to \"word\"...\n"
[       1 ms] ~"Reading symbols from /tmp/VisualGDB/c/Users/JC/Documents/GitHub/wago-kbus-daemon/Debug/kbus-daemon...\n"
[       3 ms] ~"GNU gdb (GDB) 8.3.0.20190709-git\n"
[       3 ms] ~"Copyright (C) 2019 Free Software Foundation, Inc.\n"
[       5 ms] ~"License GPLv3+: GNU GPL version 3 or later <http://gnu.org/licenses/gpl.html>\nThis is free software: you are free to change and redistribute it.\nThere is NO WARRANTY, to the extent permitted by law."
[       5 ms] ~"\nType \"show copying\" and \"show warranty\" for details.\n"
[       5 ms] ~"This GDB was configured as \"--host=x86_64-unknown-linux-gnu --target=arm-linux-gnueabihf\".\n"
[       5 ms] ~"Type \"show configuration\" for configuration details.\n"
[       5 ms] ~"For bug reporting instructions, please see:\n"
[       5 ms] ~"<https://bugs.linaro.org/>.\n"
[       8 ms] ~"Find the GDB manual and other documentation resources online at:\n    <http://www.gnu.org/software/gdb/documentation/>."
[       8 ms] ~"\n\n"
[       8 ms] ~"For help, type \"help\".\n"
[       8 ms] ~"Type \"apropos word\" to search for commands related to \"word\".\n"
[       8 ms] ^done
[       8 ms] -list-features
[      10 ms] ^done,features=["frozen-varobjs","pending-breakpoints","thread-info","data-read-memory-bytes","breakpoint-notifications","ada-task-info","language-option","info-gdb-mi-command","undefined-command-error-code","exec-run-start-option","data-disassemble-a-option","python"]
[      10 ms] -gdb-set verbose on
[      12 ms] ^done
[      12 ms] -gdb-set disassembly-flavor intel
[      15 ms] ^error,msg="No symbol \"disassembly\" in current context."
[      15 ms] -gdb-set print demangle off
[      18 ms] ^done
[      18 ms] -break-insert -f main
[      19 ms] ^done,bkpt={number="1",type="breakpoint",disp="keep",enabled="y",addr="0x00012e60",func="main",file="kbus-daemon.c",fullname="/tmp/VisualGDB/c/Users/JC/Documents/GitHub/wago-kbus-daemon/kbus-daemon.c",line="55",thread-groups=["i1"],times="0",original-location="main"}
[      19 ms] -gdb-set solib-search-path /tmp/VisualGDB/c/Users/JC/Documents/GitHub/wago-kbus-daemon/Debug
[      21 ms] ^done
[      21 ms] -gdb-show sysroot
[      24 ms] ^done,value="/workspace/out/arm-linux-gnueabihf/build-linaro/sysroots/arm-linux-gnueabihf"
[      24 ms] -gdb-show debug-file-directory
[      26 ms] ^done,value="/workspace/out/arm-linux-gnueabihf/build-linaro/builds/destdir/x86_64-unknown-linux-gnu/lib/debug"
[      27 ms] -gdb-set debug-file-directory /workspace/out/arm-linux-gnueabihf/build-linaro/sysroots/arm-linux-gnueabihf/usr/lib/debug
[      29 ms] ^done
[      29 ms] -target-select remote 192.168.1.153:2000
[      58 ms] =thread-group-started,id="i1",pid="3482"
[      59 ms] =thread-created,id="1",group-id="i1"
[      65 ms] &"warning: Unable to find dynamic linker breakpoint function.\nGDB will be unable to debug shared library initializers\nand track explicitly loaded dynamic code."
[      65 ms] &"\n"
[      95 ms] ~"0xb6fcea00 in ?? ()\n"
[      95 ms] *stopped,frame={addr="0xb6fcea00",func="??",args=[],arch="armv7"},thread-id="1",stopped-threads="all",core="0"
[     100 ms] ^connected
[     100 ms] info shared
[     101 ms] &"info shared\n"
[     104 ms] ~"No shared libraries loaded at this time.\n"
[     104 ms] ^done
[     111 ms] info target
[     113 ms] &"info target\n"
[     113 ms] ~"Symbols from \"/tmp/VisualGDB/c/Users/JC/Documents/GitHub/wago-kbus-daemon/Debug/kbus-daemon\".\n"
[     113 ms] ~"Remote serial target in gdb-specific protocol:\n"
[     113 ms] ~"Debugging a target over a serial line.\n"
[     113 ms] ~"\tWhile running this, GDB does not access memory from...\n"
[     113 ms] ~"Local exec file:\n"
[     113 ms] ~"\t`/tmp/VisualGDB/c/Users/JC/Documents/GitHub/wago-kbus-daemon/Debug/kbus-daemon', file type elf32-littlearm.\n"
[     113 ms] ~"\tEntry point: 0x12524\n"
[     113 ms] ~"\t0x00010154 - 0x0001016d @ 0x00000154 is .interp\n"
[     113 ms] ~"\t0x00010170 - 0x00010190 @ 0x00000170 is .note.ABI-tag\n"
[     113 ms] ~"\t0x00010190 - 0x0001050c @ 0x00000190 is .hash\n"
[     113 ms] ~"\t0x0001050c - 0x000108f0 @ 0x0000050c is .gnu.hash\n"
[     113 ms] ~"\t0x000108f0 - 0x000110b0 @ 0x000008f0 is .dynsym\n"
[     113 ms] ~"\t0x000110b0 - 0x00011a61 @ 0x000010b0 is .dynstr\n"
[     113 ms] ~"\t0x00011a62 - 0x00011b5a @ 0x00001a62 is .gnu.version\n"
[     116 ms] ~"\t0x00011b5c - 0x00011bbc @ 0x00001b5c is .gnu.version_r\n"
[     116 ms] ~"\t0x00011bbc - 0x00011bf4 @ 0x00001bbc is .rel.dyn\n"
[     116 ms] ~"\t0x00011bf4 - 0x00011f94 @ 0x00001bf4 is .rel.plt\n"
[     116 ms] ~"\t0x00011f94 - 0x00011fa0 @ 0x00001f94 is .init\n"
[     116 ms] ~"\t0x00011fa0 - 0x00012524 @ 0x00001fa0 is .plt\n"
[     116 ms] ~"\t0x00012524 - 0x0001734c @ 0x00002524 is .text\n"
[     116 ms] ~"\t0x0001734c - 0x00017354 @ 0x0000734c is .fini\n"
[     116 ms] ~"\t0x00017354 - 0x00017b1d @ 0x00007354 is .rodata\n"
[     116 ms] ~"\t0x00017b20 - 0x00017b28 @ 0x00007b20 is .ARM.exidx\n"
[     116 ms] ~"\t0x00017b28 - 0x00017b2c @ 0x00007b28 is .eh_frame\n"
[     116 ms] ~"\t0x00027e30 - 0x00027e34 @ 0x00007e30 is .init_array\n"
[     116 ms] ~"\t0x00027e34 - 0x00027e38 @ 0x00007e34 is .fini_array\n"
[     116 ms] ~"\t0x00027e38 - 0x00028000 @ 0x00007e38 is .dynamic\n"
[     116 ms] ~"\t0x00028000 - 0x000281f4 @ 0x00008000 is .got\n"
[     116 ms] ~"\t0x000281f4 - 0x00028294 @ 0x000081f4 is .data\n"
[     116 ms] ~"\t0x00028298 - 0x0003402c @ 0x00008294 is .bss\n"
[     116 ms] ^done
[     121 ms] info signals
[     124 ms] &"info signals\n"
[     124 ms] ~"Signal        Stop\tPrint\tPass to program\tDescription\n"
[     124 ms] ~"\n"
[     124 ms] ~"SIGHUP        Yes\tYes\tYes\t\tHangup\n"
[     124 ms] ~"SIGINT        Yes\tYes\tNo\t\tInterrupt\n"
[     124 ms] ~"SIGQUIT       Yes\tYes\tYes\t\tQuit\n"
[     124 ms] ~"SIGILL        Yes\tYes\tYes\t\tIllegal instruction\n"
[     124 ms] ~"SIGTRAP       Yes\tYes\tNo\t\tTrace/breakpoint trap\n"
[     124 ms] ~"SIGABRT       Yes\tYes\tYes\t\tAborted\n"
[     124 ms] ~"SIGEMT        Yes\tYes\tYes\t\tEmulation trap\n"
[     124 ms] ~"SIGFPE        Yes\tYes\tYes\t\tArithmetic exception\n"
[     124 ms] ~"SIGKILL       Yes\tYes\tYes\t\tKilled\n"
[     124 ms] ~"SIGBUS        Yes\tYes\tYes\t\tBus error\n"
[     124 ms] ~"SIGSEGV       Yes\tYes\tYes\t\tSegmentation fault\n"
[     124 ms] ~"SIGSYS        Yes\tYes\tYes\t\tBad system call\n"
[     124 ms] ~"SIGPIPE       Yes\tYes\tYes\t\tBroken pipe\n"
[     124 ms] ~"SIGALRM       No\tNo\tYes\t\tAlarm clock\n"
[     124 ms] ~"SIGTERM       Yes\tYes\tYes\t\tTerminated\n"
[     124 ms] ~"SIGURG        No\tNo\tYes\t\tUrgent I/O condition\n"
[     124 ms] ~"SIGSTOP       Yes\tYes\tYes\t\tStopped (signal)\n"
[     124 ms] ~"SIGTSTP       Yes\tYes\tYes\t\tStopped (user)\n"
[     124 ms] ~"SIGCONT       Yes\tYes\tYes\t\tContinued\n"
[     124 ms] ~"SIGCHLD       No\tNo\tYes\t\tChild status changed\n"
[     124 ms] ~"SIGTTIN       Yes\tYes\tYes\t\tStopped (tty input)\n"
[     124 ms] ~"SIGTTOU       Yes\tYes\tYes\t\tStopped (tty output)\n"
[     124 ms] ~"SIGIO         No\tNo\tYes\t\tI/O possible\n"
[     124 ms] ~"SIGXCPU       Yes\tYes\tYes\t\tCPU time limit exceeded\n"
[     124 ms] ~"SIGXFSZ       Yes\tYes\tYes\t\tFile size limit exceeded\n"
[     124 ms] ~"SIGVTALRM     No\tNo\tYes\t\tVirtual timer expired\n"
[     124 ms] ~"SIGPROF       No\tNo\tYes\t\tProfiling timer expired\n"
[     124 ms] ~"SIGWINCH      No\tNo\tYes\t\tWindow size changed\n"
[     124 ms] ~"SIGLOST       Yes\tYes\tYes\t\tResource lost\n"
[     124 ms] ~"SIGUSR1       Yes\tYes\tYes\t\tUser defined signal 1\n"
[     124 ms] ~"SIGUSR2       Yes\tYes\tYes\t\tUser defined signal 2\n"
[     124 ms] ~"SIGPWR        Yes\tYes\tYes\t\tPower fail/restart\n"
[     124 ms] ~"SIGPOLL       No\tNo\tYes\t\tPollable event occurred\n"
[     124 ms] ~"SIGWIND       Yes\tYes\tYes\t\tSIGWIND\n"
[     124 ms] ~"SIGPHONE      Yes\tYes\tYes\t\tSIGPHONE\n"
[     124 ms] ~"SIGWAITING    No\tNo\tYes\t\tProcess's LWPs are blocked\n"
[     124 ms] ~"SIGLWP        No\tNo\tYes\t\tSignal LWP\n"
[     124 ms] ~"SIGDANGER     Yes\tYes\tYes\t\tSwap space dangerously low\n"
[     124 ms] ~"SIGGRANT      Yes\tYes\tYes\t\tMonitor mode granted\n"
[     124 ms] ~"SIGRETRACT    Yes\tYes\tYes\t\tNeed to relinquish monitor mode\n"
[     124 ms] ~"SIGMSG        Yes\tYes\tYes\t\tMonitor mode data available\n"
[     124 ms] ~"SIGSOUND      Yes\tYes\tYes\t\tSound completed\n"
[     124 ms] ~"SIGSAK        Yes\tYes\tYes\t\tSecure attention\n"
[     124 ms] ~"SIGPRIO       No\tNo\tYes\t\tSIGPRIO\n"
[     124 ms] ~"SIG33         Yes\tYes\tYes\t\tReal-time event 33\n"
[     124 ms] ~"SIG34         Yes\tYes\tYes\t\tReal-time event 34\n"
[     124 ms] ~"SIG35         Yes\tYes\tYes\t\tReal-time event 35\n"
[     124 ms] ~"SIG36         Yes\tYes\tYes\t\tReal-time event 36\n"
[     124 ms] ~"SIG37         Yes\tYes\tYes\t\tReal-time event 37\n"
[     124 ms] ~"SIG38         Yes\tYes\tYes\t\tReal-time event 38\n"
[     124 ms] ~"SIG39         Yes\tYes\tYes\t\tReal-time event 39\n"
[     124 ms] ~"SIG40         Yes\tYes\tYes\t\tReal-time event 40\n"
[     124 ms] ~"SIG41         Yes\tYes\tYes\t\tReal-time event 41\n"
[     124 ms] ~"SIG42         Yes\tYes\tYes\t\tReal-time event 42\n"
[     124 ms] ~"SIG43         Yes\tYes\tYes\t\tReal-time event 43\n"
[     124 ms] ~"SIG44         Yes\tYes\tYes\t\tReal-time event 44\n"
[     124 ms] ~"SIG45         Yes\tYes\tYes\t\tReal-time event 45\n"
[     124 ms] ~"SIG46         Yes\tYes\tYes\t\tReal-time event 46\n"
[     124 ms] ~"SIG47         Yes\tYes\tYes\t\tReal-time event 47\n"
[     124 ms] ~"SIG48         Yes\tYes\tYes\t\tReal-time event 48\n"
[     124 ms] ~"SIG49         Yes\tYes\tYes\t\tReal-time event 49\n"
[     124 ms] ~"SIG50         Yes\tYes\tYes\t\tReal-time event 50\n"
[     124 ms] ~"SIG51         Yes\tYes\tYes\t\tReal-time event 51\n"
[     124 ms] ~"SIG52         Yes\tYes\tYes\t\tReal-time event 52\n"
[     124 ms] ~"SIG53         Yes\tYes\tYes\t\tReal-time event 53\n"
[     124 ms] ~"SIG54         Yes\tYes\tYes\t\tReal-time event 54\n"
[     125 ms] ~"SIG55         Yes\tYes\tYes\t\tReal-time event 55\n"
[     125 ms] ~"SIG56         Yes\tYes\tYes\t\tReal-time event 56\n"
[     125 ms] ~"SIG57         Yes\tYes\tYes\t\tReal-time event 57\n"
[     125 ms] ~"SIG58         Yes\tYes\tYes\t\tReal-time event 58\n"
[     125 ms] ~"SIG59         Yes\tYes\tYes\t\tReal-time event 59\n"
[     125 ms] ~"SIG60         Yes\tYes\tYes\t\tReal-time event 60\n"
[     125 ms] ~"SIG61         Yes\tYes\tYes\t\tReal-time event 61\n"
[     125 ms] ~"SIG62         Yes\tYes\tYes\t\tReal-time event 62\n"
[     125 ms] ~"SIG63         Yes\tYes\tYes\t\tReal-time event 63\n"
[     125 ms] ~"SIGCANCEL     No\tNo\tYes\t\tLWP internal signal\n"
[     125 ms] ~"SIG32         Yes\tYes\tYes\t\tReal-time event 32\n"
[     125 ms] ~"SIG64         Yes\tYes\tYes\t\tReal-time event 64\n"
[     125 ms] ~"SIG65         Yes\tYes\tYes\t\tReal-time event 65\n"
[     125 ms] ~"SIG66         Yes\tYes\tYes\t\tReal-time event 66\n"
[     125 ms] ~"SIG67         Yes\tYes\tYes\t\tReal-time event 67\n"
[     125 ms] ~"SIG68         Yes\tYes\tYes\t\tReal-time event 68\n"
[     125 ms] ~"SIG69         Yes\tYes\tYes\t\tReal-time event 69\n"
[     125 ms] ~"SIG70         Yes\tYes\tYes\t\tReal-time event 70\n"
[     125 ms] ~"SIG71         Yes\tYes\tYes\t\tReal-time event 71\n"
[     125 ms] ~"SIG72         Yes\tYes\tYes\t\tReal-time event 72\n"
[     125 ms] ~"SIG73         Yes\tYes\tYes\t\tReal-time event 73\n"
[     125 ms] ~"SIG74         Yes\tYes\tYes\t\tReal-time event 74\n"
[     125 ms] ~"SIG75         Yes\tYes\tYes\t\tReal-time event 75\n"
[     125 ms] ~"SIG76         Yes\tYes\tYes\t\tReal-time event 76\n"
[     125 ms] ~"SIG77         Yes\tYes\tYes\t\tReal-time event 77\n"
[     125 ms] ~"SIG78         Yes\tYes\tYes\t\tReal-time event 78\n"
[     125 ms] ~"SIG79         Yes\tYes\tYes\t\tReal-time event 79\n"
[     125 ms] ~"SIG80         Yes\tYes\tYes\t\tReal-time event 80\n"
[     125 ms] ~"SIG81         Yes\tYes\tYes\t\tReal-time event 81\n"
[     125 ms] ~"SIG82         Yes\tYes\tYes\t\tReal-time event 82\n"
[     125 ms] ~"SIG83         Yes\tYes\tYes\t\tReal-time event 83\n"
[     125 ms] ~"SIG84         Yes\tYes\tYes\t\tReal-time event 84\n"
[     125 ms] ~"SIG85         Yes\tYes\tYes\t\tReal-time event 85\n"
[     125 ms] ~"SIG86         Yes\tYes\tYes\t\tReal-time event 86\n"
[     125 ms] ~"SIG87         Yes\tYes\tYes\t\tReal-time event 87\n"
[     125 ms] ~"SIG88         Yes\tYes\tYes\t\tReal-time event 88\n"
[     125 ms] ~"SIG89         Yes\tYes\tYes\t\tReal-time event 89\n"
[     125 ms] ~"SIG90         Yes\tYes\tYes\t\tReal-time event 90\n"
[     125 ms] ~"SIG91         Yes\tYes\tYes\t\tReal-time event 91\n"
[     125 ms] ~"SIG92         Yes\tYes\tYes\t\tReal-time event 92\n"
[     125 ms] ~"SIG93         Yes\tYes\tYes\t\tReal-time event 93\n"
[     125 ms] ~"SIG94         Yes\tYes\tYes\t\tReal-time event 94\n"
[     125 ms] ~"SIG95         Yes\tYes\tYes\t\tReal-time event 95\n"
[     125 ms] ~"SIG96         Yes\tYes\tYes\t\tReal-time event 96\n"
[     125 ms] ~"SIG97         Yes\tYes\tYes\t\tReal-time event 97\n"
[     125 ms] ~"SIG98         Yes\tYes\tYes\t\tReal-time event 98\n"
[     125 ms] ~"SIG99         Yes\tYes\tYes\t\tReal-time event 99\n"
[     125 ms] ~"SIG100        Yes\tYes\tYes\t\tReal-time event 100\n"
[     125 ms] ~"SIG101        Yes\tYes\tYes\t\tReal-time event 101\n"
[     125 ms] ~"SIG102        Yes\tYes\tYes\t\tReal-time event 102\n"
[     125 ms] ~"SIG103        Yes\tYes\tYes\t\tReal-time event 103\n"
[     125 ms] ~"SIG104        Yes\tYes\tYes\t\tReal-time event 104\n"
[     125 ms] ~"SIG105        Yes\tYes\tYes\t\tReal-time event 105\n"
[     125 ms] ~"SIG106        Yes\tYes\tYes\t\tReal-time event 106\n"
[     125 ms] ~"SIG107        Yes\tYes\tYes\t\tReal-time event 107\n"
[     125 ms] ~"SIG108        Yes\tYes\tYes\t\tReal-time event 108\n"
[     125 ms] ~"SIG109        Yes\tYes\tYes\t\tReal-time event 109\n"
[     125 ms] ~"SIG110        Yes\tYes\tYes\t\tReal-time event 110\n"
[     125 ms] ~"SIG111        Yes\tYes\tYes\t\tReal-time event 111\n"
[     125 ms] ~"SIG112        Yes\tYes\tYes\t\tReal-time event 112\n"
[     125 ms] ~"SIG113        Yes\tYes\tYes\t\tReal-time event 113\n"
[     125 ms] ~"SIG114        Yes\tYes\tYes\t\tReal-time event 114\n"
[     125 ms] ~"SIG115        Yes\tYes\tYes\t\tReal-time event 115\n"
[     125 ms] ~"SIG116        Yes\tYes\tYes\t\tReal-time event 116\n"
[     125 ms] ~"SIG117        Yes\tYes\tYes\t\tReal-time event 117\n"
[     125 ms] ~"SIG118        Yes\tYes\tYes\t\tReal-time event 118\n"
[     125 ms] ~"SIG119        Yes\tYes\tYes\t\tReal-time event 119\n"
[     125 ms] ~"SIG120        Yes\tYes\tYes\t\tReal-time event 120\n"
[     125 ms] ~"SIG121        Yes\tYes\tYes\t\tReal-time event 121\n"
[     125 ms] ~"SIG122        Yes\tYes\tYes\t\tReal-time event 122\n"
[     125 ms] ~"SIG123        Yes\tYes\tYes\t\tReal-time event 123\n"
[     125 ms] ~"SIG124        Yes\tYes\tYes\t\tReal-time event 124\n"
[     125 ms] ~"SIG125        Yes\tYes\tYes\t\tReal-time event 125\n"
[     125 ms] ~"SIG126        Yes\tYes\tYes\t\tReal-time event 126\n"
[     125 ms] ~"SIG127        Yes\tYes\tYes\t\tReal-time event 127\n"
[     125 ms] ~"SIGINFO       Yes\tYes\tYes\t\tInformation request\n"
[     125 ms] ~"EXC_BAD_ACCESS Yes\tYes\tYes\t\tCould not access memory\n"
[     125 ms] ~"EXC_BAD_INSTRUCTION Yes\tYes\tYes\t\tIllegal instruction/operand\n"
[     125 ms] ~"EXC_ARITHMETIC Yes\tYes\tYes\t\tArithmetic exception\n"
[     125 ms] ~"EXC_EMULATION Yes\tYes\tYes\t\tEmulation instruction\n"
[     125 ms] ~"EXC_SOFTWARE  Yes\tYes\tYes\t\tSoftware generated exception\n"
[     125 ms] ~"EXC_BREAKPOINT Yes\tYes\tYes\t\tBreakpoint\n"
[     125 ms] ~"SIGLIBRT      No\tNo\tYes\t\tlibrt internal signal\n"
[     125 ms] ~"\nUse the \"handle\" command to change these tables.\n"
[     125 ms] ^done
[     126 ms] handle SIGILL nostop
[     127 ms] &"handle SIGILL nostop\n"
[     129 ms] ~"Signal        Stop\tPrint\tPass to program\tDescription\n"
[     129 ms] ~"SIGILL        No\tYes\tYes\t\tIllegal instruction\n"
[     129 ms] ^done
[     129 ms] -exec-continue
[     131 ms] ^running
[     131 ms] *running,thread-id="all"
[     168 ms] ~"\nProgram"
[     168 ms] ~" received signal SIGILL, Illegal instruction.\n"
[     180 ms] =library-loaded,id="/lib/libglib-2.0.so.0",target-name="/lib/libglib-2.0.so.0",host-name="/lib/libglib-2.0.so.0",symbols-loaded="0",thread-group="i1",ranges=[{}]
[     180 ms] =library-loaded,id="/lib/libffi.so.6",target-name="/lib/libffi.so.6",host-name="/lib/libffi.so.6",symbols-loaded="0",thread-group="i1",ranges=[{}]
[     180 ms] =library-loaded,id="/lib/libpthread.so.0",target-name="/lib/libpthread.so.0",host-name="/lib/libpthread.so.0",symbols-loaded="0",thread-group="i1",ranges=[{}]
[     180 ms] =library-loaded,id="/lib/librt.so.1",target-name="/lib/librt.so.1",host-name="/lib/librt.so.1",symbols-loaded="0",thread-group="i1",ranges=[{}]
[     181 ms] =library-loaded,id="/lib/liblibloader.so.0",target-name="/lib/liblibloader.so.0",host-name="/lib/liblibloader.so.0",symbols-loaded="0",thread-group="i1",ranges=[{}]
[     181 ms] =library-loaded,id="/lib/liboslinux.so.0",target-name="/lib/liboslinux.so.0",host-name="/lib/liboslinux.so.0",symbols-loaded="0",thread-group="i1",ranges=[{}]
[     181 ms] =library-loaded,id="/lib/libdl.so.2",target-name="/lib/libdl.so.2",host-name="/lib/libdl.so.2",symbols-loaded="0",thread-group="i1",ranges=[{}]
[     181 ms] =library-loaded,id="/lib/libncursesw.so.6",target-name="/lib/libncursesw.so.6",host-name="/lib/libncursesw.so.6",symbols-loaded="0",thread-group="i1",ranges=[{}]
[     181 ms] =library-loaded,id="/lib/libpcre.so.1",target-name="/lib/libpcre.so.1",host-name="/lib/libpcre.so.1",symbols-loaded="0",thread-group="i1",ranges=[{}]
[     181 ms] =library-loaded,id="/lib/libconfig.so.9",target-name="/lib/libconfig.so.9",host-name="/lib/libconfig.so.9",symbols-loaded="0",thread-group="i1",ranges=[{}]
[     181 ms] =library-loaded,id="/lib/libgmodule-2.0.so.0",target-name="/lib/libgmodule-2.0.so.0",host-name="/lib/libgmodule-2.0.so.0",symbols-loaded="0",thread-group="i1",ranges=[{}]
[     182 ms] =library-loaded,id="/lib/libz.so.1",target-name="/lib/libz.so.1",host-name="/lib/libz.so.1",symbols-loaded="0",thread-group="i1",ranges=[{}]
[     182 ms] =library-loaded,id="/lib/libgio-2.0.so.0",target-name="/lib/libgio-2.0.so.0",host-name="/lib/libgio-2.0.so.0",symbols-loaded="0",thread-group="i1",ranges=[{}]
[     182 ms] =library-loaded,id="/lib/libdbus-glib-1.so.2",target-name="/lib/libdbus-glib-1.so.2",host-name="/lib/libdbus-glib-1.so.2",symbols-loaded="0",thread-group="i1",ranges=[{}]
[     182 ms] =library-loaded,id="/lib/libwago_dbus.so",target-name="/lib/libwago_dbus.so",host-name="/lib/libwago_dbus.so",symbols-loaded="0",thread-group="i1",ranges=[{}]
[     182 ms] =library-loaded,id="/lib/libdbus-1.so.3",target-name="/lib/libdbus-1.so.3",host-name="/lib/libdbus-1.so.3",symbols-loaded="0",thread-group="i1",ranges=[{}]
[     182 ms] =library-loaded,id="/lib/libgobject-2.0.so.0",target-name="/lib/libgobject-2.0.so.0",host-name="/lib/libgobject-2.0.so.0",symbols-loaded="0",thread-group="i1",ranges=[{}]
[     182 ms] =library-loaded,id="/lib/libdbuskbuscommon.so.0",target-name="/lib/libdbuskbuscommon.so.0",host-name="/lib/libdbuskbuscommon.so.0",symbols-loaded="0",thread-group="i1",ranges=[{}]
[     182 ms] =library-loaded,id="/lib/libcrypto.so.1.0.0",target-name="/lib/libcrypto.so.1.0.0",host-name="/lib/libcrypto.so.1.0.0",symbols-loaded="0",thread-group="i1",ranges=[{}]
[     182 ms] =library-loaded,id="/lib/libssl.so.1.0.0",target-name="/lib/libssl.so.1.0.0",host-name="/lib/libssl.so.1.0.0",symbols-loaded="0",thread-group="i1",ranges=[{}]
[     182 ms] =library-loaded,id="/lib/libmosquitto.so.1",target-name="/lib/libmosquitto.so.1",host-name="/lib/libmosquitto.so.1",symbols-loaded="0",thread-group="i1",ranges=[{}]
[     182 ms] =library-loaded,id="/lib/liboms.so",target-name="/lib/liboms.so",host-name="/lib/liboms.so",symbols-loaded="0",thread-group="i1",ranges=[{}]
[     182 ms] =library-loaded,id="/lib/libjson-c.so.2",target-name="/lib/libjson-c.so.2",host-name="/lib/libjson-c.so.2",symbols-loaded="0",thread-group="i1",ranges=[{}]
[     182 ms] =library-loaded,id="/lib/libstdc++.so.6",target-name="/lib/libstdc++.so.6",host-name="/lib/libstdc++.so.6",symbols-loaded="0",thread-group="i1",ranges=[{}]
[     182 ms] =library-loaded,id="/lib/libm.so.6",target-name="/lib/libm.so.6",host-name="/lib/libm.so.6",symbols-loaded="0",thread-group="i1",ranges=[{}]
[     182 ms] =library-loaded,id="/lib/libgcc_s.so.1",target-name="/lib/libgcc_s.so.1",host-name="/lib/libgcc_s.so.1",symbols-loaded="0",thread-group="i1",ranges=[{}]
[     182 ms] =library-loaded,id="/lib/libc.so.6",target-name="/lib/libc.so.6",host-name="/lib/libc.so.6",symbols-loaded="0",thread-group="i1",ranges=[{}]
[     182 ms] =library-loaded,id="/lib/ld-linux-armhf.so.3",target-name="/lib/ld-linux-armhf.so.3",host-name="/lib/ld-linux-armhf.so.3",symbols-loaded="0",thread-group="i1",ranges=[{}]
[     182 ms] =library-loaded,id="/lib/libresolv.so.2",target-name="/lib/libresolv.so.2",host-name="/lib/libresolv.so.2",symbols-loaded="0",thread-group="i1",ranges=[{}]
[     182 ms] &"warning: Could not load shared library symbols for 29 libraries, e.g. /lib/libglib-2.0.so.0.\nUse the \"info sharedlibrary\" command to see the complete listing.\nDo you need \"set solib-search-path\" or \"set sysroot\"?"
[     182 ms] &"\n"
[     191 ms] =breakpoint-modified,bkpt={number="1",type="breakpoint",disp="keep",enabled="y",addr="0x00012e60",func="main",file="kbus-daemon.c",fullname="/tmp/VisualGDB/c/Users/JC/Documents/GitHub/wago-kbus-daemon/kbus-daemon.c",line="55",thread-groups=["i1"],times="1",original-location="main"}
[     241 ms] ~"\n"
[     242 ms] ~"Breakpoint 1, main (argc=1, argv=0xbefffdd4) at kbus-daemon.c:55\n"
[     242 ms] ~"55\t\tlog_set_quiet(true);\n"
[     242 ms] *stopped,reason="signal-received",signal-name="SIGILL",signal-meaning="Illegal instruction",reason="breakpoint-hit",disp="keep",bkptno="1",frame={addr="0x00012e60",func="main",args=[{name="argc",value="1"},{name="argv",value="0xbefffdd4"}],file="kbus-daemon.c",fullname="/tmp/VisualGDB/c/Users/JC/Documents/GitHub/wago-kbus-daemon/kbus-daemon.c",line="55",arch="armv7"},thread-id="1",stopped-threads="all",core="0"
[     243 ms] info shared
[     245 ms] &"info shared\n"
[     250 ms] ~"From        To          Syms Read   Shared Object Library\n"
[     250 ms] ~"                        No          /lib/libglib-2.0.so.0\n"
[     250 ms] ~"                        No          /lib/libffi.so.6\n"
[     250 ms] ~"                        No          /lib/libpthread.so.0\n"
[     250 ms] ~"                        No          /lib/librt.so.1\n"
[     250 ms] ~"                        No          /lib/liblibloader.so.0\n"
[     250 ms] ~"                        No          /lib/liboslinux.so.0\n"
[     250 ms] ~"                        No          /lib/libdl.so.2\n"
[     250 ms] ~"                        No          /lib/libncursesw.so.6\n"
[     250 ms] ~"                        No          /lib/libpcre.so.1\n"
[     250 ms] ~"                        No          /lib/libconfig.so.9\n"
[     250 ms] ~"                        No          /lib/libgmodule-2.0.so.0\n"
[     250 ms] ~"                        No          /lib/libz.so.1\n"
[     250 ms] ~"                        No          /lib/libgio-2.0.so.0\n"
[     250 ms] ~"                        No          /lib/libdbus-glib-1.so.2\n"
[     250 ms] ~"                        No          /lib/libwago_dbus.so\n"
[     250 ms] ~"                        No          /lib/libdbus-1.so.3\n"
[     250 ms] ~"                        No          /lib/libgobject-2.0.so.0\n"
[     250 ms] ~"                        No          /lib/libdbuskbuscommon.so.0\n"
[     250 ms] ~"                        No          /lib/libcrypto.so.1.0.0\n"
[     250 ms] ~"                        No          /lib/libssl.so.1.0.0\n"
[     251 ms] ~"                        No          /lib/libmosquitto.so.1\n"
[     251 ms] ~"                        No          /lib/liboms.so\n"
[     251 ms] ~"                        No          /lib/libjson-c.so.2\n"
[     251 ms] ~"                        No          /lib/libstdc++.so.6\n"
[     251 ms] ~"                        No          /lib/libm.so.6\n"
[     251 ms] ~"                        No          /lib/libgcc_s.so.1\n"
[     251 ms] ~"                        No          /lib/libc.so.6\n"
[     251 ms] ~"                        No          /lib/ld-linux-armhf.so.3\n"
[     251 ms] ~"                        No          /lib/libresolv.so.2\n"
[     251 ms] ^done
[     253 ms] -break-delete 1
[     255 ms] ^done
[     255 ms] -exec-continue
[     258 ms] ^running
[     258 ms] *running,thread-id="all"
[     261 ms] &"[Detaching after vfork from child process 3483]\n"
[     278 ms] &"[Detaching after vfork from child process 3484]\n"
[     311 ms] &"[Detaching after vfork from child process 3486]\n"
[     658 ms] &"[Detaching after vfork from child process 3495]\n"
[     678 ms] =thread-created,id="2",group-id="i1"
[     680 ms] ~"[New Thread 3482.3485]\n"
[     682 ms] &"[Detaching after vfork from child process 3496]\n"
[   31589 ms] =thread-created,id="3",group-id="i1"
[   31589 ms] ~"[New Thread 3482.3491]\n"
[   31589 ms] =thread-created,id="4",group-id="i1"
[   31589 ms] ~"[New Thread 3482.3492]\n"
[   31589 ms] =thread-created,id="5",group-id="i1"
[   31589 ms] ~"[New Thread 3482.3493]\n"
[   31589 ms] =thread-created,id="6",group-id="i1"
[   31589 ms] ~"[New Thread 3482.3494]\n"
[   31589 ms] ~"\nThread "
[   31589 ms] ~"1 \"kbus-daemon\" received signal SIGINT, Interrupt.\n"
[   31612 ms] ~"0xb6e94e10 in ?? ()\n"
[   31612 ms] *stopped,reason="signal-received",signal-name="SIGINT",signal-meaning="Interrupt",frame={addr="0xb6e94e10",func="??",args=[],arch="armv7"},thread-id="1",stopped-threads="all",core="0"
[   31705 ms] -gdb-exit
[   31707 ms] ^exit
